Release 14.7 - ngc2edif P.20131013 (nt)
Copyright (c) 1995-2013 Xilinx, Inc.  All rights reserved.
Reading design Lab5_Exp2.ngc ...
WARNING:NetListWriters:298 - No output is written to Lab5_Exp2.xncf, ignored.
Processing design ...
   Preping design's networks ...
   Preping design's macros ...
  finished :Prep
Writing EDIF netlist file Lab5_Exp2.edif ...
ngc2edif: Total memory usage is 79116 kilobytes

Release 14.7 - ngc2edif P.20131013 (nt)
Copyright (c) 1995-2013 Xilinx, Inc.  All rights reserved.
Reading design Lab5_Exp2.ngc ...
WARNING:NetListWriters:298 - No output is written to Lab5_Exp2.xncf, ignored.
Processing design ...
   Preping design's networks ...
   Preping design's macros ...
  finished :Prep
Writing EDIF netlist file Lab5_Exp2.edif ...
ngc2edif: Total memory usage is 79692 kilobytes

Release 14.7 - ngc2edif P.20131013 (nt)
Copyright (c) 1995-2013 Xilinx, Inc.  All rights reserved.
Reading design Lab5_Exp2.ngc ...
WARNING:NetListWriters:298 - No output is written to Lab5_Exp2.xncf, ignored.
Processing design ...
   Preping design's networks ...
   Preping design's macros ...
  finished :Prep
Writing EDIF netlist file Lab5_Exp2.edif ...
ngc2edif: Total memory usage is 79884 kilobytes

