Release 14.7 - ngc2edif P.20131013 (nt)
Copyright (c) 1995-2013 Xilinx, Inc.  All rights reserved.
Reading design Experiment1.ngc ...
WARNING:NetListWriters:298 - No output is written to Experiment1.xncf, ignored.
Processing design ...
   Preping design's networks ...
   Preping design's macros ...
WARNING:NetListWriters:306 - Signal bus digits<13 : 3> on block Experiment1 is
   not reconstructed, because there are some missing bus signals.
  finished :Prep
Writing EDIF netlist file Experiment1.edif ...
ngc2edif: Total memory usage is 84248 kilobytes

Release 14.7 - ngc2edif P.20131013 (nt)
Copyright (c) 1995-2013 Xilinx, Inc.  All rights reserved.
Reading design Experiment1.ngc ...
WARNING:NetListWriters:298 - No output is written to Experiment1.xncf, ignored.
Processing design ...
   Preping design's networks ...
   Preping design's macros ...
WARNING:NetListWriters:306 - Signal bus digits<13 : 3> on block Experiment1 is
   not reconstructed, because there are some missing bus signals.
  finished :Prep
Writing EDIF netlist file Experiment1.edif ...
ngc2edif: Total memory usage is 79820 kilobytes

